<?xml version="1.0" encoding="UTF-8"?>
<testsuite xmlns:xsi="http://www.w3.org/2001/XMLSchema-instance" xsi:noNamespaceSchemaLocation="https://maven.apache.org/surefire/maven-surefire-plugin/xsd/surefire-test-report.xsd" version="3.0.2" name="com.Cinema_dti_java.CRUD_SQLite.CrudCinemaApplicationTests" time="3.988" tests="1" errors="0" skipped="0" failures="0">
  <properties>
[...]
</properties>
  <testcase name="contextLoads" classname="com.Cinema_dti_java.CRUD_SQLite.CrudCinemaApplicationTests" time="0.434">
    <system-out><![CDATA[14:31:18.428 [main] INFO org.springframework.test.context.support.AnnotationConfigContextLoaderUtils -- Could not detect default configuration classes for test class [com.Cinema_dti_java.CRUD_SQLite.CrudCinemaApplicationTests]: CrudCinemaApplicationTests does not declare any static, non-private, non-final, nested classes annotated with @Configuration.
14:31:18.550 [main] INFO org.springframework.boot.test.context.SpringBootTestContextBootstrapper -- Found @SpringBootConfiguration com.Cinema_dti_java.CRUD_SQLite.CrudCinemaApplication for test class com.Cinema_dti_java.CRUD_SQLite.CrudCinemaApplicationTests
14:31:18.708 [main] INFO org.springframework.boot.devtools.restart.RestartApplicationListener -- Restart disabled due to context in which it is running

  .   ____          _            __ _ _
 /\\ / ___'_ __ _ _(_)_ __  __ _ \ \ \ \
( ( )\___ | '_ | '_| | '_ \/ _` | \ \ \ \
 \\/  ___)| |_)| | | | | || (_| |  ) ) ) )
  '  |____| .__|_| |_|_| |_\__, | / / / /
 =========|_|==============|___/=/_/_/_/

 :: Spring Boot ::       (v4.0.1-SNAPSHOT)

2025-11-22T14:31:19.003-03:00  INFO 24808 --- [           main] c.C.C.CrudCinemaApplicationTests         : Starting CrudCinemaApplicationTests using Java 23.0.1 with PID 24808 (started by Jo�o in C:\Users\Jo�o\Downloads\CRUD-SQLite (2)\CRUD-SQLite)
2025-11-22T14:31:19.006-03:00  INFO 24808 --- [           main] c.C.C.CrudCinemaApplicationTests         : No active profile set, falling back to 1 default profile: "default"
2025-11-22T14:31:19.660-03:00  INFO 24808 --- [           main] .s.d.r.c.RepositoryConfigurationDelegate : Bootstrapping Spring Data JPA repositories in DEFAULT mode.
2025-11-22T14:31:19.685-03:00  INFO 24808 --- [           main] .s.d.r.c.RepositoryConfigurationDelegate : Finished Spring Data repository scanning in 13 ms. Found 0 JPA repository interfaces.
2025-11-22T14:31:20.053-03:00  INFO 24808 --- [           main] o.hibernate.jpa.internal.util.LogHelper  : HHH000204: Processing PersistenceUnitInfo [name: default]
2025-11-22T14:31:20.118-03:00  INFO 24808 --- [           main] org.hibernate.Version                    : HHH000412: Hibernate ORM core version 7.1.8.Final
2025-11-22T14:31:20.732-03:00  INFO 24808 --- [           main] o.s.o.j.p.SpringPersistenceUnitInfo      : No LoadTimeWeaver setup: ignoring JPA class transformer
2025-11-22T14:31:20.771-03:00  INFO 24808 --- [           main] com.zaxxer.hikari.HikariDataSource       : HikariPool-1 - Starting...
2025-11-22T14:31:20.866-03:00  INFO 24808 --- [           main] com.zaxxer.hikari.pool.HikariPool        : HikariPool-1 - Added connection org.sqlite.jdbc4.JDBC4Connection@7a3a49e5
2025-11-22T14:31:20.868-03:00  INFO 24808 --- [           main] com.zaxxer.hikari.HikariDataSource       : HikariPool-1 - Start completed.
2025-11-22T14:31:20.908-03:00  INFO 24808 --- [           main] org.hibernate.orm.connections.pooling    : HHH10001005: Database info:
	Database JDBC URL [jdbc:sqlite:cinema.db]
	Database driver: SQLite JDBC
	Database dialect: SQLiteDialect
	Database version: 3.42
	Default catalog/schema: undefined/undefined
	Autocommit mode: undefined/unknown
	Isolation level: SERIALIZABLE [default SERIALIZABLE]
	JDBC fetch size: none
	Pool: DatasourceConnectionProviderImpl
	Minimum pool size: undefined/unknown
	Maximum pool size: undefined/unknown
2025-11-22T14:31:21.191-03:00  INFO 24808 --- [           main] o.h.e.t.j.p.i.JtaPlatformInitiator       : HHH000489: No JTA platform available (set 'hibernate.transaction.jta.platform' to enable JTA platform integration)
2025-11-22T14:31:21.202-03:00  INFO 24808 --- [           main] j.LocalContainerEntityManagerFactoryBean : Initialized JPA EntityManagerFactory for persistence unit 'default'
2025-11-22T14:31:21.309-03:00  WARN 24808 --- [           main] JpaBaseConfiguration$JpaWebConfiguration : spring.jpa.open-in-view is enabled by default. Therefore, database queries may be performed during view rendering. Explicitly configure spring.jpa.open-in-view to disable this warning
2025-11-22T14:31:21.745-03:00  INFO 24808 --- [           main] c.C.C.CrudCinemaApplicationTests         : Started CrudCinemaApplicationTests in 3.05 seconds (process running for 4.265)
]]></system-out>
    <system-err><![CDATA[Mockito is currently self-attaching to enable the inline-mock-maker. This will no longer work in future releases of the JDK. Please add Mockito as an agent to your build as described in Mockito's documentation: https://javadoc.io/doc/org.mockito/mockito-core/latest/org.mockito/org/mockito/Mockito.html#0.3
WARNING: A Java agent has been loaded dynamically (C:\Users\João\.m2\repository\net\bytebuddy\byte-buddy-agent\1.17.8\byte-buddy-agent-1.17.8.jar)
WARNING: If a serviceability tool is in use, please run with -XX:+EnableDynamicAgentLoading to hide this warning
WARNING: If a serviceability tool is not in use, please run with -Djdk.instrument.traceUsage for more information
WARNING: Dynamic loading of agents will be disallowed by default in a future release
]]></system-err>
  </testcase>
</testsuite>